
## ---------------------- ##
## Running config.status. ##
## ---------------------- ##

This file was extended by hivex config.status 1.3.19, which was
generated by GNU Autoconf 2.69.  Invocation command line was

  CONFIG_FILES    = 
  CONFIG_HEADERS  = 
  CONFIG_LINKS    = 
  CONFIG_COMMANDS = 
  $ ./config.status 

on HTS-DESKTOP

config.status:2160: error: cannot find input file: `Makefile.in'

## ---------------- ##
## Cache variables. ##
## ---------------- ##

ac_cv_build=x86_64-pc-linux-gnu
ac_cv_c_bigendian=no
ac_cv_c_compiler_gnu=yes
ac_cv_c_flexmember=yes
ac_cv_c_inline=inline
ac_cv_c_restrict=__restrict
ac_cv_env_CC_set=
ac_cv_env_CC_value=
ac_cv_env_CFLAGS_set=
ac_cv_env_CFLAGS_value=
ac_cv_env_CPPFLAGS_set=
ac_cv_env_CPPFLAGS_value=
ac_cv_env_CPP_set=
ac_cv_env_CPP_value=
ac_cv_env_LDFLAGS_set=
ac_cv_env_LDFLAGS_value=
ac_cv_env_LIBS_set=
ac_cv_env_LIBS_value=
ac_cv_env_LIBXML2_CFLAGS_set=
ac_cv_env_LIBXML2_CFLAGS_value=
ac_cv_env_LIBXML2_LIBS_set=
ac_cv_env_LIBXML2_LIBS_value=
ac_cv_env_LT_SYS_LIBRARY_PATH_set=
ac_cv_env_LT_SYS_LIBRARY_PATH_value=
ac_cv_env_PKG_CONFIG_LIBDIR_set=
ac_cv_env_PKG_CONFIG_LIBDIR_value=
ac_cv_env_PKG_CONFIG_PATH_set=
ac_cv_env_PKG_CONFIG_PATH_value=
ac_cv_env_PKG_CONFIG_set=
ac_cv_env_PKG_CONFIG_value=
ac_cv_env_build_alias_set=
ac_cv_env_build_alias_value=
ac_cv_env_host_alias_set=
ac_cv_env_host_alias_value=
ac_cv_env_target_alias_set=
ac_cv_env_target_alias_value=
ac_cv_func___xpg_strerror_r=yes
ac_cv_func__set_invalid_parameter_handler=no
ac_cv_func_alloca_works=yes
ac_cv_func_bindtextdomain=yes
ac_cv_func_catgets=yes
ac_cv_func_duplocale=yes
ac_cv_func_fcntl=yes
ac_cv_func_freelocale=yes
ac_cv_func_ftruncate=yes
ac_cv_func_getdtablesize=yes
ac_cv_func_getexecname=no
ac_cv_func_getlocalename_l=no
ac_cv_func_getopt_long_only=yes
ac_cv_func_getprogname=no
ac_cv_func_gettimeofday=yes
ac_cv_func_ioctl=yes
ac_cv_func_isblank=yes
ac_cv_func_lstat=yes
ac_cv_func_malloc_0_nonnull=yes
ac_cv_func_mbrtowc=yes
ac_cv_func_mmap=yes
ac_cv_func_mprotect=yes
ac_cv_func_newlocale=yes
ac_cv_func_open_memstream=yes
ac_cv_func_pipe=yes
ac_cv_func_pthread_atfork=yes
ac_cv_func_pthread_sigmask=no
ac_cv_func_raise=yes
ac_cv_func_setenv=yes
ac_cv_func_shutdown=yes
ac_cv_func_sigaction=yes
ac_cv_func_sigaltstack=yes
ac_cv_func_siginterrupt=yes
ac_cv_func_sigprocmask=yes
ac_cv_func_sleep=yes
ac_cv_func_snprintf=yes
ac_cv_func_strerror_r=yes
ac_cv_func_strerror_r_char_p=yes
ac_cv_func_strndup=yes
ac_cv_func_strnlen=yes
ac_cv_func_strnlen_working=yes
ac_cv_func_strtoll=yes
ac_cv_func_strtoull=yes
ac_cv_func_symlink=yes
ac_cv_func_tsearch=yes
ac_cv_func_unsetenv=yes
ac_cv_func_uselocale=yes
ac_cv_func_usleep=yes
ac_cv_func_vasnprintf=no
ac_cv_func_vasprintf=yes
ac_cv_func_wcrtomb=yes
ac_cv_func_wcslen=yes
ac_cv_func_wcsnlen=yes
ac_cv_have_decl___argv=no
ac_cv_have_decl__snprintf=no
ac_cv_have_decl_alarm=yes
ac_cv_have_decl_getdtablesize=yes
ac_cv_have_decl_getpagesize=yes
ac_cv_have_decl_inet_pton=yes
ac_cv_have_decl_program_invocation_name=yes
ac_cv_have_decl_program_invocation_short_name=yes
ac_cv_have_decl_setenv=yes
ac_cv_have_decl_sleep=yes
ac_cv_have_decl_strerror_r=yes
ac_cv_have_decl_strndup=yes
ac_cv_have_decl_strnlen=yes
ac_cv_have_decl_unsetenv=yes
ac_cv_header_arpa_inet_h=yes
ac_cv_header_byteswap_h=yes
ac_cv_header_crtdefs_h=no
ac_cv_header_dlfcn_h=yes
ac_cv_header_endian_h=yes
ac_cv_header_features_h=yes
ac_cv_header_getopt_h=yes
ac_cv_header_iconv_h=yes
ac_cv_header_inttypes_h=yes
ac_cv_header_langinfo_h=yes
ac_cv_header_libintl_h=yes
ac_cv_header_limits_h=yes
ac_cv_header_memory_h=yes
ac_cv_header_minix_config_h=no
ac_cv_header_netdb_h=yes
ac_cv_header_netinet_in_h=yes
ac_cv_header_pthread_h=yes
ac_cv_header_sched_h=no
ac_cv_header_search_h=yes
ac_cv_header_semaphore_h=yes
ac_cv_header_stat_broken=no
ac_cv_header_stdbool_h=yes
ac_cv_header_stdc=yes
ac_cv_header_stdint_h=yes
ac_cv_header_stdlib_h=yes
ac_cv_header_string_h=yes
ac_cv_header_strings_h=yes
ac_cv_header_sys_cdefs_h=yes
ac_cv_header_sys_ioctl_h=yes
ac_cv_header_sys_mman_h=yes
ac_cv_header_sys_param_h=yes
ac_cv_header_sys_select_h=yes
ac_cv_header_sys_socket_h=yes
ac_cv_header_sys_stat_h=yes
ac_cv_header_sys_time_h=yes
ac_cv_header_sys_types_h=yes
ac_cv_header_sys_uio_h=yes
ac_cv_header_sys_wait_h=yes
ac_cv_header_threads_h=yes
ac_cv_header_unistd_h=yes
ac_cv_header_wchar_h=yes
ac_cv_header_xlocale_h=no
ac_cv_host=x86_64-pc-linux-gnu
ac_cv_lib_error_at_line=yes
ac_cv_lib_readline_main=no
ac_cv_member_struct_sigaction_sa_sigaction=yes
ac_cv_member_struct_sockaddr_storage_ss_family=yes
ac_cv_member_struct_stat_st_atim_tv_nsec=yes
ac_cv_member_struct_stat_st_birthtim_tv_nsec=no
ac_cv_member_struct_stat_st_birthtimensec=no
ac_cv_member_struct_stat_st_birthtimespec_tv_nsec=no
ac_cv_objext=o
ac_cv_path_EGREP='/usr/bin/grep -E'
ac_cv_path_FGREP='/usr/bin/grep -F'
ac_cv_path_GMSGFMT=/usr/bin/msgfmt
ac_cv_path_GREP=/usr/bin/grep
ac_cv_path_MSGFMT=/usr/bin/msgfmt
ac_cv_path_MSGMERGE=/usr/bin/msgmerge
ac_cv_path_SED=/usr/bin/sed
ac_cv_path_XGETTEXT=/usr/bin/xgettext
ac_cv_path_ac_pt_PKG_CONFIG=/usr/bin/pkg-config
ac_cv_path_install='/usr/bin/install -c'
ac_cv_path_lt_DD=/usr/bin/dd
ac_cv_path_mkdir=/usr/bin/mkdir
ac_cv_prog_AWK=gawk
ac_cv_prog_CPP='gcc -E'
ac_cv_prog_PERL=perl
ac_cv_prog_POD2MAN=pod2man
ac_cv_prog_POD2TEXT=pod2text
ac_cv_prog_PYTHON=no
ac_cv_prog_RAKE=no
ac_cv_prog_RUBY=no
ac_cv_prog_ac_ct_AR=ar
ac_cv_prog_ac_ct_CC=gcc
ac_cv_prog_ac_ct_MANIFEST_TOOL=mt
ac_cv_prog_ac_ct_OBJDUMP=objdump
ac_cv_prog_ac_ct_OCAMLC=ocamlc
ac_cv_prog_ac_ct_OCAMLCDOTOPT=ocamlc.opt
ac_cv_prog_ac_ct_OCAMLDEP=ocamldep
ac_cv_prog_ac_ct_OCAMLDOC=ocamldoc
ac_cv_prog_ac_ct_OCAMLMKLIB=ocamlmklib
ac_cv_prog_ac_ct_OCAMLMKTOP=ocamlmktop
ac_cv_prog_ac_ct_OCAMLOPT=ocamlopt
ac_cv_prog_ac_ct_OCAMLOPTDOTOPT=ocamlopt.opt
ac_cv_prog_ac_ct_RANLIB=ranlib
ac_cv_prog_ac_ct_STRIP=strip
ac_cv_prog_cc_c11=
ac_cv_prog_cc_g=yes
ac_cv_prog_cc_stdc=
ac_cv_prog_make_make_set=yes
ac_cv_safe_to_define___extensions__=yes
ac_cv_search_inet_pton='none required'
ac_cv_search_nanosleep='none required'
ac_cv_should_define__xopen_source=no
ac_cv_sizeof_long=8
ac_cv_sys_file_offset_bits=no
ac_cv_sys_largefile_CC=no
ac_cv_type__Bool=yes
ac_cv_type_mode_t=yes
ac_cv_type_nlink_t=yes
ac_cv_type_pid_t=yes
ac_cv_type_pthread_rwlock_t=yes
ac_cv_type_pthread_spinlock_t=yes
ac_cv_type_pthread_t=yes
ac_cv_type_ptrdiff_t=yes
ac_cv_type_sa_family_t=yes
ac_cv_type_sighandler_t=yes
ac_cv_type_sigset_t=yes
ac_cv_type_size_t=yes
ac_cv_type_socklen_t=yes
ac_cv_type_struct_sockaddr_storage=yes
ac_cv_type_uid_t=yes
ac_cv_type_useconds_t=yes
ac_cv_type_volatile_sig_atomic_t=yes
ac_cv_typeof_struct_stat_st_atim_is_struct_timespec=yes
ac_cv_working_alloca_h=yes
acl_cv_hardcode_direct=no
acl_cv_hardcode_libdir_flag_spec='${wl}-rpath ${wl}$libdir'
acl_cv_hardcode_libdir_separator=
acl_cv_hardcode_minus_L=no
acl_cv_libdirstems=lib,lib,lib64
acl_cv_libext=a
acl_cv_libname_spec='lib$name'
acl_cv_library_names_spec='$libname$shrext'
acl_cv_path_LD=/usr/bin/ld
acl_cv_prog_gnu_ld=yes
acl_cv_rpath=done
acl_cv_shlibext=so
acl_cv_wl=-Wl,
am_cv_CC_dependencies_compiler_type=gcc3
am_cv_func_iconv=yes
am_cv_func_iconv_works=yes
am_cv_langinfo_codeset=yes
am_cv_lib_iconv=no
am_cv_make_support_nested_variables=yes
am_cv_proto_iconv='extern size_t iconv (iconv_t cd, char * *inbuf, size_t *inbytesleft, char * *outbuf, size_t *outbytesleft);'
am_cv_proto_iconv_arg1=
gl_cv_c_amsterdam_compiler=no
gl_cv_c_inline_effective=yes
gl_cv_c_multiarch=no
gl_cv_cc_double_expbit0='word 1 bit 20'
gl_cv_compiler_check_decl_option=none
gl_cv_compiler_clang=no
gl_cv_const_PTHREAD_CREATE_DETACHED=yes
gl_cv_const_PTHREAD_MUTEX_RECURSIVE=yes
gl_cv_const_PTHREAD_MUTEX_ROBUST=yes
gl_cv_const_PTHREAD_PROCESS_SHARED=no
gl_cv_decl_ioctl_in_sys_ioctl_h=yes
gl_cv_decl_null_works=yes
gl_cv_double_slash_root=no
gl_cv_elf=yes
gl_cv_func_dup2_works=yes
gl_cv_func_fcntl_f_dupfd_cloexec='needs runtime check'
gl_cv_func_fcntl_f_dupfd_works=yes
gl_cv_func_fdopen_works=yes
gl_cv_func_getcwd_null=yes
gl_cv_func_getcwd_posix_signature=yes
gl_cv_func_getdtablesize_works=yes
gl_cv_func_getopt_gnu=yes
gl_cv_func_getopt_long_gnu=yes
gl_cv_func_getopt_posix=yes
gl_cv_func_getpagesize=yes
gl_cv_func_gettimeofday_posix_signature=yes
gl_cv_func_ioctl_posix_signature=no
gl_cv_func_itold_works=yes
gl_cv_func_lstat_dereferences_slashed_symlink=yes
gl_cv_func_malloc_0_nonnull=1
gl_cv_func_malloc_posix=yes
gl_cv_func_memchr_works=yes
gl_cv_func_nanosleep='no (mishandles large arguments)'
gl_cv_func_open_slash=yes
gl_cv_func_perror_works=yes
gl_cv_func_printf_attribute_flavor=system
gl_cv_func_pthread_create=yes
gl_cv_func_pthread_sigmask_in_LIBMULTITHREAD=no
gl_cv_func_pthread_sigmask_macro=no
gl_cv_func_select_detects_ebadf=yes
gl_cv_func_select_supports0=yes
gl_cv_func_setenv_works=yes
gl_cv_func_setlocale_null_all_mtsafe=yes
gl_cv_func_setlocale_null_one_mtsafe=yes
gl_cv_func_setlocale_works=yes
gl_cv_func_sigprocmask=yes
gl_cv_func_sleep_works=yes
gl_cv_func_snprintf_retval_c99=yes
gl_cv_func_stat_file_slash=yes
gl_cv_func_strerror_0_works=yes
gl_cv_func_strerror_r_posix_signature=no
gl_cv_func_strerror_r_works=yes
gl_cv_func_strndup_works=yes
gl_cv_func_svid_putenv=yes
gl_cv_func_symlink_works=yes
gl_cv_func_unsetenv_works=yes
gl_cv_func_usleep_works=yes
gl_cv_func_working_strerror=yes
gl_cv_have_include_next=yes
gl_cv_have_weak=yes
gl_cv_header_errno_h_complete=yes
gl_cv_header_inttypes_h=yes
gl_cv_header_langinfo_altmon=yes
gl_cv_header_langinfo_codeset=yes
gl_cv_header_langinfo_era=yes
gl_cv_header_langinfo_t_fmt_ampm=yes
gl_cv_header_langinfo_yesexpr=yes
gl_cv_header_limits_width=yes
gl_cv_header_locale_h_needs_xlocale_h=no
gl_cv_header_locale_h_posix2001=yes
gl_cv_header_locale_has_locale_t=yes
gl_cv_header_netinet_in_h_selfcontained=no
gl_cv_header_stdint_h=yes
gl_cv_header_stdint_predates_cxx11_h=no
gl_cv_header_stdint_width=yes
gl_cv_header_sys_select_h_selfcontained=yes
gl_cv_header_sys_socket_h_selfcontained=yes
gl_cv_header_sys_socket_h_shut=yes
gl_cv_header_wchar_h_correct_inline=yes
gl_cv_header_working_fcntl_h=yes
gl_cv_header_working_stdalign_h=yes
gl_cv_header_working_stdint_h=yes
gl_cv_host_cpu_c_abi_32bit=no
gl_cv_lib_socket='none needed'
gl_cv_macro_O_CLOEXEC=yes
gl_cv_next_arpa_inet_h='<arpa/inet.h>'
gl_cv_next_ctype_h='<ctype.h>'
gl_cv_next_fcntl_h='<fcntl.h>'
gl_cv_next_getopt_h='<getopt.h>'
gl_cv_next_iconv_h='<iconv.h>'
gl_cv_next_inttypes_h='<inttypes.h>'
gl_cv_next_langinfo_h='<langinfo.h>'
gl_cv_next_limits_h='<limits.h>'
gl_cv_next_locale_h='<locale.h>'
gl_cv_next_netinet_in_h='<netinet/in.h>'
gl_cv_next_pthread_h='<pthread.h>'
gl_cv_next_sched_h='<sched.h>'
gl_cv_next_signal_h='<signal.h>'
gl_cv_next_stdint_h='<stdint.h>'
gl_cv_next_stdio_h='<stdio.h>'
gl_cv_next_stdlib_h='<stdlib.h>'
gl_cv_next_string_h='<string.h>'
gl_cv_next_sys_ioctl_h='<sys/ioctl.h>'
gl_cv_next_sys_select_h='<sys/select.h>'
gl_cv_next_sys_socket_h='<sys/socket.h>'
gl_cv_next_sys_stat_h='<sys/stat.h>'
gl_cv_next_sys_time_h='<sys/time.h>'
gl_cv_next_sys_types_h='<sys/types.h>'
gl_cv_next_sys_uio_h='<sys/uio.h>'
gl_cv_next_time_h='<time.h>'
gl_cv_next_unistd_h='<unistd.h>'
gl_cv_next_wchar_h='<wchar.h>'
gl_cv_pragma_columns=no
gl_cv_promoted_mode_t=mode_t
gl_cv_pthread_rwlock_rdlock_prefer_writer=no
gl_cv_rpl_alloca=yes
gl_cv_semaphore_lib=none
gl_cv_size_max=yes
gl_cv_socket_ipv4=yes
gl_cv_socket_ipv6=yes
gl_cv_sys_struct_lconv_ok=yes
gl_cv_sys_struct_timespec_in_time_h=yes
gl_cv_sys_struct_timeval=yes
gl_cv_sys_struct_timeval_tv_sec=yes
gl_cv_test_INT32_MAX_LT_INTMAX_MAX=yes
gl_cv_test_INT64_MAX_EQ_LONG_MAX=yes
gl_cv_test_UINT32_MAX_LT_UINTMAX_MAX=yes
gl_cv_test_UINT64_MAX_EQ_ULONG_MAX=yes
gl_cv_type_max_align_t=yes
gl_cv_type_sigset_t=yes
gl_cv_type_wint_t_too_small=no
gt_cv_c_intmax_t=yes
gt_cv_c_wchar_t=yes
gt_cv_c_wint_t=yes
gt_cv_func_CFLocaleCopyPreferredLanguages=no
gt_cv_func_CFPreferencesCopyAppValue=no
gt_cv_func_gnugettext1_libc=yes
gt_cv_func_unsetenv_ret=int
gt_cv_func_uselocale_works=yes
gt_cv_locale_fake=no
gt_cv_locale_fr=none
gt_cv_locale_fr_utf8=none
gt_cv_locale_ja=none
gt_cv_locale_solaris114=no
gt_cv_locale_tr_utf8=none
gt_cv_locale_zh_CN=none
gt_cv_ssize_t=yes
gt_cv_val_LC_MESSAGES=yes
gt_cv_var_environ_declaration=yes
lt_cv_ar_at_file=no
lt_cv_archive_cmds_need_lc=no
lt_cv_deplibs_check_method=pass_all
lt_cv_file_magic_cmd='$MAGIC_CMD'
lt_cv_file_magic_test_file=
lt_cv_ld_reload_flag=-r
lt_cv_nm_interface='BSD nm'
lt_cv_objdir=.libs
lt_cv_path_LD=/usr/bin/ld
lt_cv_path_NM='/usr/bin/nm -B'
lt_cv_path_mainfest_tool=no
lt_cv_prog_compiler_c_o=yes
lt_cv_prog_compiler_pic='-fPIC -DPIC'
lt_cv_prog_compiler_pic_works=yes
lt_cv_prog_compiler_rtti_exceptions=no
lt_cv_prog_compiler_static_works=yes
lt_cv_prog_gnu_ld=yes
lt_cv_sharedlib_from_linklib_cmd='printf %s\n'
lt_cv_shlibpath_overrides_runpath=yes
lt_cv_sys_global_symbol_pipe=
lt_cv_sys_global_symbol_to_c_name_address='sed -n -e '\''s/^: \(.*\) .*$/  {"\1", (void *) 0},/p'\'' -e '\''s/^[ABCDGIRSTW][ABCDGIRSTW]* .* \(.*\)$/  {"\1", (void *) \&\1},/p'\'''
lt_cv_sys_global_symbol_to_c_name_address_lib_prefix='sed -n -e '\''s/^: \(.*\) .*$/  {"\1", (void *) 0},/p'\'' -e '\''s/^[ABCDGIRSTW][ABCDGIRSTW]* .* \(lib.*\)$/  {"\1", (void *) \&\1},/p'\'' -e '\''s/^[ABCDGIRSTW][ABCDGIRSTW]* .* \(.*\)$/  {"lib\1", (void *) \&\1},/p'\'''
lt_cv_sys_global_symbol_to_cdecl=
lt_cv_sys_global_symbol_to_import=
lt_cv_sys_max_cmd_len=1572864
lt_cv_to_host_file_cmd=func_convert_file_noop
lt_cv_to_tool_file_cmd=func_convert_file_noop
lt_cv_truncate_bin='/usr/bin/dd bs=4096 count=1'

## ----------------- ##
## Output variables. ##
## ----------------- ##

ACLOCAL='${SHELL} /home/hts/GIT/hivex-rs/hivex-sys/hivex/build-aux/missing aclocal-1.16'
ALLOCA=''
ALLOCA_H='alloca.h'
AMDEPBACKSLASH='\'
AMDEP_FALSE='#'
AMDEP_TRUE=''
AMTAR='$${TAR-tar}'
AM_BACKSLASH='\'
AM_DEFAULT_V='$(AM_DEFAULT_VERBOSITY)'
AM_DEFAULT_VERBOSITY='0'
AM_V='$(V)'
APPLE_UNIVERSAL_BUILD='0'
AR='ar'
ARFLAGS='cr'
AUTOCONF='${SHELL} /home/hts/GIT/hivex-rs/hivex-sys/hivex/build-aux/missing autoconf'
AUTOHEADER='${SHELL} /home/hts/GIT/hivex-rs/hivex-sys/hivex/build-aux/missing autoheader'
AUTOMAKE='${SHELL} /home/hts/GIT/hivex-rs/hivex-sys/hivex/build-aux/missing automake-1.16'
AWK='gawk'
BITSIZEOF_PTRDIFF_T=''
BITSIZEOF_SIG_ATOMIC_T=''
BITSIZEOF_SIZE_T=''
BITSIZEOF_WCHAR_T=''
BITSIZEOF_WINT_T=''
BYTESWAP_H=''
CC='gcc'
CCDEPMODE='depmode=gcc3'
CFLAGS='-g -O2'
CFLAG_VISIBILITY=''
CONFIG_INCLUDE='config.h'
CPP='gcc -E'
CPPFLAGS=''
CYGPATH_W='echo'
DEFS='-DHAVE_CONFIG_H'
DEPDIR='.deps'
DLLTOOL='false'
DSYMUTIL=''
DUMPBIN=''
ECHO_C=''
ECHO_N='-n'
ECHO_T=''
EGREP='/usr/bin/grep -E'
EMULTIHOP_HIDDEN=''
EMULTIHOP_VALUE=''
ENOLINK_HIDDEN=''
ENOLINK_VALUE=''
EOVERFLOW_HIDDEN=''
EOVERFLOW_VALUE=''
ERRNO_H=''
EXEEXT=''
FGREP='/usr/bin/grep -F'
FLOAT_H=''
GETOPT_CDEFS_H=''
GETOPT_H=''
GETTEXT_MACRO_VERSION='0.17'
GL_COND_LIBTOOL_FALSE='#'
GL_COND_LIBTOOL_TRUE=''
GL_GENERATE_ALLOCA_H_FALSE='#'
GL_GENERATE_ALLOCA_H_TRUE=''
GL_GENERATE_BYTESWAP_H_FALSE=''
GL_GENERATE_BYTESWAP_H_TRUE='#'
GL_GENERATE_ERRNO_H_FALSE=''
GL_GENERATE_ERRNO_H_TRUE='#'
GL_GENERATE_FLOAT_H_FALSE=''
GL_GENERATE_FLOAT_H_TRUE='#'
GL_GENERATE_ICONV_H_FALSE='#'
GL_GENERATE_ICONV_H_TRUE=''
GL_GENERATE_LIMITS_H_FALSE='#'
GL_GENERATE_LIMITS_H_TRUE=''
GL_GENERATE_NETINET_IN_H_FALSE='#'
GL_GENERATE_NETINET_IN_H_TRUE=''
GL_GENERATE_STDALIGN_H_FALSE=''
GL_GENERATE_STDALIGN_H_TRUE='#'
GL_GENERATE_STDBOOL_H_FALSE=''
GL_GENERATE_STDBOOL_H_TRUE='#'
GL_GENERATE_STDDEF_H_FALSE=''
GL_GENERATE_STDDEF_H_TRUE='#'
GL_GENERATE_STDINT_H_FALSE=''
GL_GENERATE_STDINT_H_TRUE='#'
GMSGFMT='/usr/bin/msgfmt'
GMSGFMT_015='/usr/bin/msgfmt'
GNULIB_ACCEPT4='0'
GNULIB_ACCEPT='IN_HIVEX_GNULIB_TESTS'
GNULIB_ACCESS='0'
GNULIB_ATOLL='0'
GNULIB_BIND='IN_HIVEX_GNULIB_TESTS'
GNULIB_BTOWC='0'
GNULIB_CALLOC_POSIX='0'
GNULIB_CANONICALIZE_FILE_NAME='0'
GNULIB_CHDIR='0'
GNULIB_CHOWN='0'
GNULIB_CLOSE='1'
GNULIB_CONNECT='IN_HIVEX_GNULIB_TESTS'
GNULIB_COPY_FILE_RANGE='0'
GNULIB_CREAT='0'
GNULIB_CTIME='0'
GNULIB_DPRINTF='0'
GNULIB_DUP2='1'
GNULIB_DUP3='0'
GNULIB_DUP='0'
GNULIB_DUPLOCALE='0'
GNULIB_ENVIRON='IN_HIVEX_GNULIB_TESTS'
GNULIB_EUIDACCESS='0'
GNULIB_EXPLICIT_BZERO='0'
GNULIB_FACCESSAT='0'
GNULIB_FCHDIR='0'
GNULIB_FCHMODAT='0'
GNULIB_FCHOWNAT='0'
GNULIB_FCLOSE='0'
GNULIB_FCNTL='1'
GNULIB_FDATASYNC='0'
GNULIB_FDOPEN='IN_HIVEX_GNULIB_TESTS'
GNULIB_FFLUSH='0'
GNULIB_FFSL='0'
GNULIB_FFSLL='0'
GNULIB_FGETC='1'
GNULIB_FGETS='1'
GNULIB_FOPEN='0'
GNULIB_FPRINTF='1'
GNULIB_FPRINTF_POSIX='0'
GNULIB_FPURGE='0'
GNULIB_FPUTC='1'
GNULIB_FPUTS='1'
GNULIB_FREAD='1'
GNULIB_FREOPEN='0'
GNULIB_FSCANF='1'
GNULIB_FSEEK='0'
GNULIB_FSEEKO='0'
GNULIB_FSTAT='IN_HIVEX_GNULIB_TESTS'
GNULIB_FSTATAT='0'
GNULIB_FSYNC='0'
GNULIB_FTELL='0'
GNULIB_FTELLO='0'
GNULIB_FTRUNCATE='IN_HIVEX_GNULIB_TESTS'
GNULIB_FUTIMENS='0'
GNULIB_FWRITE='1'
GNULIB_GETC='1'
GNULIB_GETCHAR='1'
GNULIB_GETCWD='IN_HIVEX_GNULIB_TESTS'
GNULIB_GETDELIM='0'
GNULIB_GETDOMAINNAME='0'
GNULIB_GETDTABLESIZE='1'
GNULIB_GETENTROPY='0'
GNULIB_GETGROUPS='0'
GNULIB_GETHOSTNAME='0'
GNULIB_GETLINE='0'
GNULIB_GETLOADAVG='0'
GNULIB_GETLOGIN='0'
GNULIB_GETLOGIN_R='0'
GNULIB_GETOPT_POSIX='IN_HIVEX_GNULIB_TESTS'
GNULIB_GETPAGESIZE='IN_HIVEX_GNULIB_TESTS'
GNULIB_GETPASS='0'
GNULIB_GETPEERNAME='0'
GNULIB_GETSOCKNAME='0'
GNULIB_GETSOCKOPT='0'
GNULIB_GETSUBOPT='0'
GNULIB_GETTIMEOFDAY='IN_HIVEX_GNULIB_TESTS'
GNULIB_GETUMASK='0'
GNULIB_GETUSERSHELL='0'
GNULIB_GL_UNISTD_H_GETOPT=''
GNULIB_GRANTPT='0'
GNULIB_GROUP_MEMBER='0'
GNULIB_ICONV='1'
GNULIB_IMAXABS='0'
GNULIB_IMAXDIV='0'
GNULIB_INET_NTOP='0'
GNULIB_INET_PTON='IN_HIVEX_GNULIB_TESTS'
GNULIB_IOCTL='IN_HIVEX_GNULIB_TESTS'
GNULIB_ISATTY='0'
GNULIB_ISBLANK='IN_HIVEX_GNULIB_TESTS'
GNULIB_LCHMOD='0'
GNULIB_LCHOWN='0'
GNULIB_LINK='0'
GNULIB_LINKAT='0'
GNULIB_LISTEN='IN_HIVEX_GNULIB_TESTS'
GNULIB_LOCALECONV='0'
GNULIB_LOCALENAME='IN_HIVEX_GNULIB_TESTS'
GNULIB_LOCALTIME='0'
GNULIB_LSEEK='0'
GNULIB_LSTAT='IN_HIVEX_GNULIB_TESTS'
GNULIB_MALLOC_POSIX='IN_HIVEX_GNULIB_TESTS'
GNULIB_MBRLEN='0'
GNULIB_MBRTOWC='0'
GNULIB_MBSCASECMP='0'
GNULIB_MBSCASESTR='0'
GNULIB_MBSCHR='0'
GNULIB_MBSCSPN='0'
GNULIB_MBSINIT='0'
GNULIB_MBSLEN='0'
GNULIB_MBSNCASECMP='0'
GNULIB_MBSNLEN='0'
GNULIB_MBSNRTOWCS='0'
GNULIB_MBSPBRK='0'
GNULIB_MBSPCASECMP='0'
GNULIB_MBSRCHR='0'
GNULIB_MBSRTOWCS='0'
GNULIB_MBSSEP='0'
GNULIB_MBSSPN='0'
GNULIB_MBSSTR='0'
GNULIB_MBSTOK_R='0'
GNULIB_MBTOWC='0'
GNULIB_MEMCHR='1'
GNULIB_MEMMEM='0'
GNULIB_MEMPCPY='0'
GNULIB_MEMRCHR='0'
GNULIB_MKDIRAT='0'
GNULIB_MKDTEMP='0'
GNULIB_MKFIFO='0'
GNULIB_MKFIFOAT='0'
GNULIB_MKNOD='0'
GNULIB_MKNODAT='0'
GNULIB_MKOSTEMP='0'
GNULIB_MKOSTEMPS='0'
GNULIB_MKSTEMP='0'
GNULIB_MKSTEMPS='0'
GNULIB_MKTIME='0'
GNULIB_NANOSLEEP='IN_HIVEX_GNULIB_TESTS'
GNULIB_NL_LANGINFO='0'
GNULIB_NONBLOCKING='0'
GNULIB_OBSTACK_PRINTF='0'
GNULIB_OBSTACK_PRINTF_POSIX='0'
GNULIB_OPEN='IN_HIVEX_GNULIB_TESTS'
GNULIB_OPENAT='0'
GNULIB_OVERRIDES_STRUCT_STAT='0'
GNULIB_OVERRIDES_WINT_T='0'
GNULIB_PCLOSE='0'
GNULIB_PERROR='IN_HIVEX_GNULIB_TESTS'
GNULIB_PIPE2='0'
GNULIB_PIPE='IN_HIVEX_GNULIB_TESTS'
GNULIB_POPEN='0'
GNULIB_POSIX_OPENPT='0'
GNULIB_PREAD='0'
GNULIB_PRINTF='1'
GNULIB_PRINTF_POSIX='0'
GNULIB_PSELECT='0'
GNULIB_PTHREAD_COND='0'
GNULIB_PTHREAD_MUTEX='0'
GNULIB_PTHREAD_MUTEX_TIMEDLOCK='0'
GNULIB_PTHREAD_ONCE='0'
GNULIB_PTHREAD_RWLOCK='0'
GNULIB_PTHREAD_SIGMASK='IN_HIVEX_GNULIB_TESTS'
GNULIB_PTHREAD_SPIN='0'
GNULIB_PTHREAD_THREAD='IN_HIVEX_GNULIB_TESTS'
GNULIB_PTHREAD_TSS='0'
GNULIB_PTSNAME='0'
GNULIB_PTSNAME_R='0'
GNULIB_PUTC='1'
GNULIB_PUTCHAR='1'
GNULIB_PUTENV='IN_HIVEX_GNULIB_TESTS'
GNULIB_PUTS='1'
GNULIB_PWRITE='0'
GNULIB_QSORT_R='0'
GNULIB_RAISE='1'
GNULIB_RANDOM='0'
GNULIB_RANDOM_R='0'
GNULIB_RAWMEMCHR='0'
GNULIB_READ='1'
GNULIB_READLINK='0'
GNULIB_READLINKAT='0'
GNULIB_REALLOCARRAY='0'
GNULIB_REALLOC_POSIX='0'
GNULIB_REALPATH='0'
GNULIB_RECV='0'
GNULIB_RECVFROM='0'
GNULIB_REMOVE='0'
GNULIB_RENAME='0'
GNULIB_RENAMEAT='0'
GNULIB_RMDIR='0'
GNULIB_RPMATCH='0'
GNULIB_SCANF='1'
GNULIB_SCHED_YIELD='0'
GNULIB_SECURE_GETENV='0'
GNULIB_SELECT='IN_HIVEX_GNULIB_TESTS'
GNULIB_SEND='0'
GNULIB_SENDTO='0'
GNULIB_SETENV='IN_HIVEX_GNULIB_TESTS'
GNULIB_SETHOSTNAME='0'
GNULIB_SETLOCALE='IN_HIVEX_GNULIB_TESTS'
GNULIB_SETLOCALE_NULL='IN_HIVEX_GNULIB_TESTS'
GNULIB_SETSOCKOPT='IN_HIVEX_GNULIB_TESTS'
GNULIB_SHUTDOWN='0'
GNULIB_SIGACTION='IN_HIVEX_GNULIB_TESTS'
GNULIB_SIGNAL_H_SIGPIPE='0'
GNULIB_SIGPROCMASK='IN_HIVEX_GNULIB_TESTS'
GNULIB_SLEEP='IN_HIVEX_GNULIB_TESTS'
GNULIB_SNPRINTF='0'
GNULIB_SOCKET='IN_HIVEX_GNULIB_TESTS'
GNULIB_SPRINTF_POSIX='0'
GNULIB_STAT='IN_HIVEX_GNULIB_TESTS'
GNULIB_STDIO_H_NONBLOCKING='0'
GNULIB_STDIO_H_SIGPIPE='0'
GNULIB_STPCPY='0'
GNULIB_STPNCPY='0'
GNULIB_STRCASESTR='0'
GNULIB_STRCHRNUL='0'
GNULIB_STRDUP='0'
GNULIB_STRERROR='IN_HIVEX_GNULIB_TESTS'
GNULIB_STRERROR_R='IN_HIVEX_GNULIB_TESTS'
GNULIB_STRFTIME='0'
GNULIB_STRNCAT='0'
GNULIB_STRNDUP='1'
GNULIB_STRNLEN='1'
GNULIB_STRPBRK='0'
GNULIB_STRPTIME='0'
GNULIB_STRSEP='0'
GNULIB_STRSIGNAL='0'
GNULIB_STRSTR='0'
GNULIB_STRTOD='0'
GNULIB_STRTOIMAX='0'
GNULIB_STRTOK_R='0'
GNULIB_STRTOLD='0'
GNULIB_STRTOLL='1'
GNULIB_STRTOULL='1'
GNULIB_STRTOUMAX='0'
GNULIB_STRVERSCMP='0'
GNULIB_SYMLINK='IN_HIVEX_GNULIB_TESTS'
GNULIB_SYMLINKAT='0'
GNULIB_SYSTEM_POSIX='0'
GNULIB_TIMEGM='0'
GNULIB_TIME_R='0'
GNULIB_TIME_RZ='0'
GNULIB_TMPFILE='0'
GNULIB_TRUNCATE='0'
GNULIB_TTYNAME_R='0'
GNULIB_TZSET='0'
GNULIB_UNISTD_H_NONBLOCKING='0'
GNULIB_UNISTD_H_SIGPIPE='0'
GNULIB_UNLINK='0'
GNULIB_UNLINKAT='0'
GNULIB_UNLOCKPT='0'
GNULIB_UNSETENV='IN_HIVEX_GNULIB_TESTS'
GNULIB_USLEEP='IN_HIVEX_GNULIB_TESTS'
GNULIB_UTIMENSAT='0'
GNULIB_VASPRINTF='1'
GNULIB_VDPRINTF='0'
GNULIB_VFPRINTF='1'
GNULIB_VFPRINTF_POSIX='0'
GNULIB_VFSCANF='0'
GNULIB_VPRINTF='1'
GNULIB_VPRINTF_POSIX='0'
GNULIB_VSCANF='0'
GNULIB_VSNPRINTF='0'
GNULIB_VSPRINTF_POSIX='0'
GNULIB_WCPCPY='0'
GNULIB_WCPNCPY='0'
GNULIB_WCRTOMB='0'
GNULIB_WCSCASECMP='0'
GNULIB_WCSCAT='0'
GNULIB_WCSCHR='0'
GNULIB_WCSCMP='0'
GNULIB_WCSCOLL='0'
GNULIB_WCSCPY='0'
GNULIB_WCSCSPN='0'
GNULIB_WCSDUP='0'
GNULIB_WCSFTIME='0'
GNULIB_WCSLEN='0'
GNULIB_WCSNCASECMP='0'
GNULIB_WCSNCAT='0'
GNULIB_WCSNCMP='0'
GNULIB_WCSNCPY='0'
GNULIB_WCSNLEN='0'
GNULIB_WCSNRTOMBS='0'
GNULIB_WCSPBRK='0'
GNULIB_WCSRCHR='0'
GNULIB_WCSRTOMBS='0'
GNULIB_WCSSPN='0'
GNULIB_WCSSTR='0'
GNULIB_WCSTOK='0'
GNULIB_WCSWIDTH='0'
GNULIB_WCSXFRM='0'
GNULIB_WCTOB='0'
GNULIB_WCTOMB='0'
GNULIB_WCWIDTH='0'
GNULIB_WMEMCHR='0'
GNULIB_WMEMCMP='0'
GNULIB_WMEMCPY='0'
GNULIB_WMEMMOVE='0'
GNULIB_WMEMPCPY='0'
GNULIB_WMEMSET='0'
GNULIB_WRITE='1'
GNULIB__EXIT='0'
GNU_MAKE_FALSE='#'
GNU_MAKE_TRUE=''
GREP='/usr/bin/grep'
HAVE_ACCEPT4='1'
HAVE_ALLOCA_H='1'
HAVE_ARPA_INET_H='1'
HAVE_ATOLL='1'
HAVE_BTOWC='1'
HAVE_C99_STDINT_H='1'
HAVE_CANONICALIZE_FILE_NAME='1'
HAVE_CHOWN='1'
HAVE_COPY_FILE_RANGE='1'
HAVE_CRTDEFS_H='0'
HAVE_DECL_ENVIRON='1'
HAVE_DECL_FCHDIR='1'
HAVE_DECL_FDATASYNC='1'
HAVE_DECL_FPURGE='1'
HAVE_DECL_FSEEKO='1'
HAVE_DECL_FTELLO='1'
HAVE_DECL_GETDELIM='1'
HAVE_DECL_GETDOMAINNAME='1'
HAVE_DECL_GETLINE='1'
HAVE_DECL_GETLOADAVG='1'
HAVE_DECL_GETLOGIN='1'
HAVE_DECL_GETLOGIN_R='1'
HAVE_DECL_GETPAGESIZE='1'
HAVE_DECL_GETUSERSHELL='1'
HAVE_DECL_IMAXABS='1'
HAVE_DECL_IMAXDIV='1'
HAVE_DECL_INET_NTOP='1'
HAVE_DECL_INET_PTON='1'
HAVE_DECL_INITSTATE='1'
HAVE_DECL_LOCALTIME_R='1'
HAVE_DECL_MEMMEM='1'
HAVE_DECL_MEMRCHR='1'
HAVE_DECL_OBSTACK_PRINTF='1'
HAVE_DECL_SETENV='1'
HAVE_DECL_SETHOSTNAME='1'
HAVE_DECL_SETSTATE='1'
HAVE_DECL_SNPRINTF='1'
HAVE_DECL_STRDUP='1'
HAVE_DECL_STRERROR_R='1'
HAVE_DECL_STRNDUP='1'
HAVE_DECL_STRNLEN='1'
HAVE_DECL_STRSIGNAL='1'
HAVE_DECL_STRTOIMAX='1'
HAVE_DECL_STRTOK_R='1'
HAVE_DECL_STRTOUMAX='1'
HAVE_DECL_TRUNCATE='1'
HAVE_DECL_TTYNAME_R='1'
HAVE_DECL_UNSETENV='1'
HAVE_DECL_VSNPRINTF='1'
HAVE_DECL_WCTOB='1'
HAVE_DECL_WCWIDTH='1'
HAVE_DPRINTF='1'
HAVE_DUP3='1'
HAVE_DUPLOCALE='1'
HAVE_EUIDACCESS='1'
HAVE_EXPLICIT_BZERO='1'
HAVE_FACCESSAT='1'
HAVE_FCHDIR='1'
HAVE_FCHMODAT='1'
HAVE_FCHOWNAT='1'
HAVE_FCNTL='1'
HAVE_FDATASYNC='1'
HAVE_FEATURES_H='1'
HAVE_FFSL='1'
HAVE_FFSLL='1'
HAVE_FREELOCALE='1'
HAVE_FSEEKO='1'
HAVE_FSTATAT='1'
HAVE_FSYNC='1'
HAVE_FTELLO='1'
HAVE_FTRUNCATE='1'
HAVE_FUTIMENS='1'
HAVE_GETDTABLESIZE='1'
HAVE_GETENTROPY='1'
HAVE_GETGROUPS='1'
HAVE_GETHOSTNAME='1'
HAVE_GETLOGIN='1'
HAVE_GETOPT_H='1'
HAVE_GETPAGESIZE='1'
HAVE_GETPASS='1'
HAVE_GETSUBOPT='1'
HAVE_GETTIMEOFDAY='1'
HAVE_GETUMASK='1'
HAVE_GRANTPT='1'
HAVE_GROUP_MEMBER='1'
HAVE_HIVEXSH_FALSE='#'
HAVE_HIVEXSH_TRUE=''
HAVE_IMAXDIV_T='1'
HAVE_INITSTATE='1'
HAVE_INTTYPES_H='1'
HAVE_ISBLANK='1'
HAVE_LANGINFO_ALTMON='1'
HAVE_LANGINFO_CODESET='1'
HAVE_LANGINFO_ERA='1'
HAVE_LANGINFO_H='1'
HAVE_LANGINFO_T_FMT_AMPM='1'
HAVE_LANGINFO_YESEXPR='1'
HAVE_LCHMOD='1'
HAVE_LCHOWN='1'
HAVE_LIBXML2_FALSE=''
HAVE_LIBXML2_TRUE='#'
HAVE_LINK='1'
HAVE_LINKAT='1'
HAVE_LSTAT='1'
HAVE_MAX_ALIGN_T='1'
HAVE_MBRLEN='1'
HAVE_MBRTOWC='1'
HAVE_MBSINIT='1'
HAVE_MBSLEN='0'
HAVE_MBSNRTOWCS='1'
HAVE_MBSRTOWCS='1'
HAVE_MBTOWC='1'
HAVE_MEMPCPY='1'
HAVE_MKDIRAT='1'
HAVE_MKDTEMP='1'
HAVE_MKFIFO='1'
HAVE_MKFIFOAT='1'
HAVE_MKNOD='1'
HAVE_MKNODAT='1'
HAVE_MKOSTEMP='1'
HAVE_MKOSTEMPS='1'
HAVE_MKSTEMP='1'
HAVE_MKSTEMPS='1'
HAVE_MSVC_INVALID_PARAMETER_HANDLER='0'
HAVE_NANOSLEEP='1'
HAVE_NETINET_IN_H='1'
HAVE_NEWLOCALE='1'
HAVE_NL_LANGINFO='1'
HAVE_OCAMLOPT_FALSE=''
HAVE_OCAMLOPT_TRUE='#'
HAVE_OCAML_FALSE=''
HAVE_OCAML_TRUE='#'
HAVE_OPENAT='1'
HAVE_OS_H='0'
HAVE_PCLOSE='1'
HAVE_PERL_FALSE=''
HAVE_PERL_TRUE='#'
HAVE_PIPE2='1'
HAVE_PIPE='1'
HAVE_POPEN='1'
HAVE_POSIX_OPENPT='1'
HAVE_POSIX_SIGNALBLOCKING='1'
HAVE_PREAD='1'
HAVE_PSELECT='1'
HAVE_PTHREAD_ATTR_DESTROY='1'
HAVE_PTHREAD_ATTR_GETDETACHSTATE='1'
HAVE_PTHREAD_ATTR_INIT='1'
HAVE_PTHREAD_ATTR_SETDETACHSTATE='1'
HAVE_PTHREAD_CONDATTR_DESTROY='1'
HAVE_PTHREAD_CONDATTR_INIT='1'
HAVE_PTHREAD_COND_BROADCAST='1'
HAVE_PTHREAD_COND_DESTROY='1'
HAVE_PTHREAD_COND_INIT='1'
HAVE_PTHREAD_COND_SIGNAL='1'
HAVE_PTHREAD_COND_TIMEDWAIT='1'
HAVE_PTHREAD_COND_WAIT='1'
HAVE_PTHREAD_CREATE='1'
HAVE_PTHREAD_CREATE_DETACHED='1'
HAVE_PTHREAD_DETACH='1'
HAVE_PTHREAD_EQUAL='1'
HAVE_PTHREAD_EXIT='1'
HAVE_PTHREAD_GETSPECIFIC='1'
HAVE_PTHREAD_H='1'
HAVE_PTHREAD_JOIN='1'
HAVE_PTHREAD_KEY_CREATE='1'
HAVE_PTHREAD_KEY_DELETE='1'
HAVE_PTHREAD_MUTEXATTR_DESTROY='1'
HAVE_PTHREAD_MUTEXATTR_GETROBUST='1'
HAVE_PTHREAD_MUTEXATTR_GETTYPE='1'
HAVE_PTHREAD_MUTEXATTR_INIT='1'
HAVE_PTHREAD_MUTEXATTR_SETROBUST='1'
HAVE_PTHREAD_MUTEXATTR_SETTYPE='1'
HAVE_PTHREAD_MUTEX_DESTROY='1'
HAVE_PTHREAD_MUTEX_INIT='1'
HAVE_PTHREAD_MUTEX_LOCK='1'
HAVE_PTHREAD_MUTEX_RECURSIVE='1'
HAVE_PTHREAD_MUTEX_ROBUST='1'
HAVE_PTHREAD_MUTEX_TIMEDLOCK='1'
HAVE_PTHREAD_MUTEX_TRYLOCK='1'
HAVE_PTHREAD_MUTEX_UNLOCK='1'
HAVE_PTHREAD_ONCE='1'
HAVE_PTHREAD_PROCESS_SHARED='0'
HAVE_PTHREAD_RWLOCKATTR_DESTROY='1'
HAVE_PTHREAD_RWLOCKATTR_INIT='1'
HAVE_PTHREAD_RWLOCK_DESTROY='1'
HAVE_PTHREAD_RWLOCK_INIT='1'
HAVE_PTHREAD_RWLOCK_RDLOCK='1'
HAVE_PTHREAD_RWLOCK_TIMEDRDLOCK='1'
HAVE_PTHREAD_RWLOCK_TIMEDWRLOCK='1'
HAVE_PTHREAD_RWLOCK_TRYRDLOCK='1'
HAVE_PTHREAD_RWLOCK_TRYWRLOCK='1'
HAVE_PTHREAD_RWLOCK_UNLOCK='1'
HAVE_PTHREAD_RWLOCK_WRLOCK='1'
HAVE_PTHREAD_SELF='1'
HAVE_PTHREAD_SETSPECIFIC='1'
HAVE_PTHREAD_SIGMASK='0'
HAVE_PTHREAD_SPINLOCK_T='1'
HAVE_PTHREAD_SPIN_DESTROY='1'
HAVE_PTHREAD_SPIN_INIT='1'
HAVE_PTHREAD_SPIN_LOCK='1'
HAVE_PTHREAD_SPIN_TRYLOCK='1'
HAVE_PTHREAD_SPIN_UNLOCK='1'
HAVE_PTHREAD_T='1'
HAVE_PTSNAME='1'
HAVE_PTSNAME_R='1'
HAVE_PWRITE='1'
HAVE_PYTHON_FALSE=''
HAVE_PYTHON_TRUE='#'
HAVE_QSORT_R='1'
HAVE_RAISE='1'
HAVE_RANDOM='1'
HAVE_RANDOM_H='1'
HAVE_RANDOM_R='1'
HAVE_RAWMEMCHR='1'
HAVE_READLINK='1'
HAVE_READLINKAT='1'
HAVE_REALLOCARRAY='1'
HAVE_REALPATH='1'
HAVE_RENAMEAT='1'
HAVE_RPMATCH='1'
HAVE_RUBY_FALSE=''
HAVE_RUBY_TRUE='#'
HAVE_SA_FAMILY_T='1'
HAVE_SCHED_H='0'
HAVE_SCHED_YIELD='1'
HAVE_SECURE_GETENV='1'
HAVE_SETENV='1'
HAVE_SETHOSTNAME='1'
HAVE_SETSTATE='1'
HAVE_SIGACTION='1'
HAVE_SIGHANDLER_T='1'
HAVE_SIGINFO_T='1'
HAVE_SIGNED_SIG_ATOMIC_T=''
HAVE_SIGNED_WCHAR_T=''
HAVE_SIGNED_WINT_T=''
HAVE_SIGSET_T='1'
HAVE_SLEEP='1'
HAVE_STDINT_H='1'
HAVE_STPCPY='1'
HAVE_STPNCPY='1'
HAVE_STRCASESTR='1'
HAVE_STRCHRNUL='1'
HAVE_STRPBRK='1'
HAVE_STRPTIME='1'
HAVE_STRSEP='1'
HAVE_STRTOD='1'
HAVE_STRTOLD='1'
HAVE_STRTOLL='1'
HAVE_STRTOULL='1'
HAVE_STRUCT_RANDOM_DATA='1'
HAVE_STRUCT_SCHED_PARAM='0'
HAVE_STRUCT_SIGACTION_SA_SIGACTION='1'
HAVE_STRUCT_SOCKADDR_STORAGE='1'
HAVE_STRUCT_SOCKADDR_STORAGE_SS_FAMILY='1'
HAVE_STRUCT_TIMEVAL='1'
HAVE_STRVERSCMP='1'
HAVE_SYMLINK='1'
HAVE_SYMLINKAT='1'
HAVE_SYS_BITYPES_H='0'
HAVE_SYS_CDEFS_H='1'
HAVE_SYS_INTTYPES_H='0'
HAVE_SYS_IOCTL_H='1'
HAVE_SYS_LOADAVG_H='0'
HAVE_SYS_PARAM_H='0'
HAVE_SYS_SELECT_H='1'
HAVE_SYS_SOCKET_H='1'
HAVE_SYS_TIME_H='1'
HAVE_SYS_TYPES_H='1'
HAVE_SYS_UIO_H='1'
HAVE_TIMEGM='1'
HAVE_TIMEZONE_T='0'
HAVE_TYPE_VOLATILE_SIG_ATOMIC_T='1'
HAVE_TZSET='1'
HAVE_UNISTD_H='1'
HAVE_UNLINKAT='1'
HAVE_UNLOCKPT='1'
HAVE_USLEEP='1'
HAVE_UTIMENSAT='1'
HAVE_VASPRINTF='1'
HAVE_VDPRINTF='1'
HAVE_VISIBILITY=''
HAVE_WCHAR_H='1'
HAVE_WCHAR_T='1'
HAVE_WCPCPY='1'
HAVE_WCPNCPY='1'
HAVE_WCRTOMB='1'
HAVE_WCSCASECMP='1'
HAVE_WCSCAT='1'
HAVE_WCSCHR='1'
HAVE_WCSCMP='1'
HAVE_WCSCOLL='1'
HAVE_WCSCPY='1'
HAVE_WCSCSPN='1'
HAVE_WCSDUP='1'
HAVE_WCSFTIME='1'
HAVE_WCSLEN='1'
HAVE_WCSNCASECMP='1'
HAVE_WCSNCAT='1'
HAVE_WCSNCMP='1'
HAVE_WCSNCPY='1'
HAVE_WCSNLEN='1'
HAVE_WCSNRTOMBS='1'
HAVE_WCSPBRK='1'
HAVE_WCSRCHR='1'
HAVE_WCSRTOMBS='1'
HAVE_WCSSPN='1'
HAVE_WCSSTR='1'
HAVE_WCSTOK='1'
HAVE_WCSWIDTH='1'
HAVE_WCSXFRM='1'
HAVE_WINSOCK2_H='0'
HAVE_WINT_T='1'
HAVE_WMEMCHR='1'
HAVE_WMEMCMP='1'
HAVE_WMEMCPY='1'
HAVE_WMEMMOVE='1'
HAVE_WMEMPCPY='1'
HAVE_WMEMSET='1'
HAVE_WS2TCPIP_H='0'
HAVE_XLOCALE_H='0'
HAVE__BOOL='1'
HAVE__EXIT='1'
ICONV_CONST=''
ICONV_H='iconv.h'
INCLUDE_NEXT='include_next'
INCLUDE_NEXT_AS_FIRST_DIRECTIVE='include_next'
INET_PTON_LIB=''
INSTALL_DATA='${INSTALL} -m 644'
INSTALL_PROGRAM='${INSTALL}'
INSTALL_SCRIPT='${INSTALL}'
INSTALL_STRIP_PROGRAM='$(install_sh) -c -s'
INT32_MAX_LT_INTMAX_MAX='1'
INT64_MAX_EQ_LONG_MAX='1'
INTLLIBS=''
INTL_MACOSX_LIBS=''
LD='/usr/bin/ld'
LDFLAGS=''
LIBICONV=''
LIBINTL=''
LIBMULTITHREAD='-pthread'
LIBOBJS=''
LIBPMULTITHREAD='-pthread'
LIBPTHREAD='-pthread'
LIBREADLINE=''
LIBS=''
LIBSOCKET=''
LIBSTDTHREAD=''
LIBTESTS_LIBDEPS=''
LIBTHREAD=''
LIBTOOL='$(SHELL) $(top_builddir)/libtool'
LIBUNISTRING_COMPILE_UNISTR_U8_MBTOUCR_FALSE='#'
LIBUNISTRING_COMPILE_UNISTR_U8_MBTOUCR_TRUE=''
LIBUNISTRING_COMPILE_UNISTR_U8_UCTOMB_FALSE='#'
LIBUNISTRING_COMPILE_UNISTR_U8_UCTOMB_TRUE=''
LIBUNISTRING_UNISTR_H='unistr.h'
LIBUNISTRING_UNITYPES_H='unitypes.h'
LIBXML2_CFLAGS=''
LIBXML2_LIBS=''
LIB_NANOSLEEP=''
LIB_PTHREAD='-pthread'
LIB_PTHREAD_SIGMASK=''
LIB_SCHED_YIELD=''
LIB_SELECT=''
LIB_SEMAPHORE=''
LIB_SETLOCALE=''
LIB_SETLOCALE_NULL=''
LIMITS_H='limits.h'
LIPO=''
LN_S='ln -s'
LOCALE_FR='none'
LOCALE_FR_UTF8='none'
LOCALE_JA='none'
LOCALE_TR_UTF8='none'
LOCALE_ZH_CN='none'
LTLIBICONV=''
LTLIBINTL=''
LTLIBMULTITHREAD='-pthread'
LTLIBOBJS=''
LTLIBTHREAD=''
LT_SYS_LIBRARY_PATH=''
MAKEINFO='${SHELL} /home/hts/GIT/hivex-rs/hivex-sys/hivex/build-aux/missing makeinfo'
MANIFEST_TOOL=':'
MKDIR_P='/usr/bin/mkdir -p'
MSGFMT='/usr/bin/msgfmt'
MSGFMT_015='/usr/bin/msgfmt'
MSGMERGE='/usr/bin/msgmerge'
NETINET_IN_H='netinet/in.h'
NEXT_ARPA_INET_H='<arpa/inet.h>'
NEXT_AS_FIRST_DIRECTIVE_ARPA_INET_H='<arpa/inet.h>'
NEXT_AS_FIRST_DIRECTIVE_CTYPE_H='<ctype.h>'
NEXT_AS_FIRST_DIRECTIVE_ERRNO_H=''
NEXT_AS_FIRST_DIRECTIVE_FCNTL_H='<fcntl.h>'
NEXT_AS_FIRST_DIRECTIVE_FLOAT_H=''
NEXT_AS_FIRST_DIRECTIVE_GETOPT_H='<getopt.h>'
NEXT_AS_FIRST_DIRECTIVE_ICONV_H='<iconv.h>'
NEXT_AS_FIRST_DIRECTIVE_INTTYPES_H='<inttypes.h>'
NEXT_AS_FIRST_DIRECTIVE_LANGINFO_H='<langinfo.h>'
NEXT_AS_FIRST_DIRECTIVE_LIMITS_H='<limits.h>'
NEXT_AS_FIRST_DIRECTIVE_LOCALE_H='<locale.h>'
NEXT_AS_FIRST_DIRECTIVE_NETINET_IN_H='<netinet/in.h>'
NEXT_AS_FIRST_DIRECTIVE_PTHREAD_H='<pthread.h>'
NEXT_AS_FIRST_DIRECTIVE_SCHED_H='<sched.h>'
NEXT_AS_FIRST_DIRECTIVE_SIGNAL_H='<signal.h>'
NEXT_AS_FIRST_DIRECTIVE_STDDEF_H=''
NEXT_AS_FIRST_DIRECTIVE_STDINT_H='<stdint.h>'
NEXT_AS_FIRST_DIRECTIVE_STDIO_H='<stdio.h>'
NEXT_AS_FIRST_DIRECTIVE_STDLIB_H='<stdlib.h>'
NEXT_AS_FIRST_DIRECTIVE_STRING_H='<string.h>'
NEXT_AS_FIRST_DIRECTIVE_SYS_IOCTL_H='<sys/ioctl.h>'
NEXT_AS_FIRST_DIRECTIVE_SYS_SELECT_H='<sys/select.h>'
NEXT_AS_FIRST_DIRECTIVE_SYS_SOCKET_H='<sys/socket.h>'
NEXT_AS_FIRST_DIRECTIVE_SYS_STAT_H='<sys/stat.h>'
NEXT_AS_FIRST_DIRECTIVE_SYS_TIME_H='<sys/time.h>'
NEXT_AS_FIRST_DIRECTIVE_SYS_TYPES_H='<sys/types.h>'
NEXT_AS_FIRST_DIRECTIVE_SYS_UIO_H='<sys/uio.h>'
NEXT_AS_FIRST_DIRECTIVE_TIME_H='<time.h>'
NEXT_AS_FIRST_DIRECTIVE_UNISTD_H='<unistd.h>'
NEXT_AS_FIRST_DIRECTIVE_WCHAR_H='<wchar.h>'
NEXT_CTYPE_H='<ctype.h>'
NEXT_ERRNO_H=''
NEXT_FCNTL_H='<fcntl.h>'
NEXT_FLOAT_H=''
NEXT_GETOPT_H='<getopt.h>'
NEXT_ICONV_H='<iconv.h>'
NEXT_INTTYPES_H='<inttypes.h>'
NEXT_LANGINFO_H='<langinfo.h>'
NEXT_LIMITS_H='<limits.h>'
NEXT_LOCALE_H='<locale.h>'
NEXT_NETINET_IN_H='<netinet/in.h>'
NEXT_PTHREAD_H='<pthread.h>'
NEXT_SCHED_H='<sched.h>'
NEXT_SIGNAL_H='<signal.h>'
NEXT_STDDEF_H=''
NEXT_STDINT_H='<stdint.h>'
NEXT_STDIO_H='<stdio.h>'
NEXT_STDLIB_H='<stdlib.h>'
NEXT_STRING_H='<string.h>'
NEXT_SYS_IOCTL_H='<sys/ioctl.h>'
NEXT_SYS_SELECT_H='<sys/select.h>'
NEXT_SYS_SOCKET_H='<sys/socket.h>'
NEXT_SYS_STAT_H='<sys/stat.h>'
NEXT_SYS_TIME_H='<sys/time.h>'
NEXT_SYS_TYPES_H='<sys/types.h>'
NEXT_SYS_UIO_H='<sys/uio.h>'
NEXT_TIME_H='<time.h>'
NEXT_UNISTD_H='<unistd.h>'
NEXT_WCHAR_H='<wchar.h>'
NM='/usr/bin/nm -B'
NMEDIT=''
OBJDUMP='objdump'
OBJEXT='o'
OCAMLBEST='opt'
OCAMLBUILD='no'
OCAMLC='ocamlc.opt'
OCAMLCDOTOPT='ocamlc.opt'
OCAMLDEP='ocamldep'
OCAMLDOC='ocamldoc'
OCAMLFIND='no'
OCAMLLIB='/usr/lib/ocaml'
OCAMLMKLIB='ocamlmklib'
OCAMLMKTOP='ocamlmktop'
OCAMLOPT='ocamlopt.opt'
OCAMLOPTDOTOPT='ocamlopt.opt'
OCAMLVERSION='4.08.1'
OTOOL64=''
OTOOL=''
PACKAGE='hivex'
PACKAGE_BUGREPORT=''
PACKAGE_NAME='hivex'
PACKAGE_STRING='hivex 1.3.19'
PACKAGE_TARNAME='hivex'
PACKAGE_URL=''
PACKAGE_VERSION='1.3.19'
PATH_SEPARATOR=':'
PERL='perl'
PKG_CONFIG='/usr/bin/pkg-config'
PKG_CONFIG_LIBDIR=''
PKG_CONFIG_PATH=''
POD2MAN='pod2man'
POD2TEXT='pod2text'
POSUB='po'
PRAGMA_COLUMNS=''
PRAGMA_SYSTEM_HEADER='#pragma GCC system_header'
PRIPTR_PREFIX='"l"'
PTHREAD_H_DEFINES_STRUCT_TIMESPEC='0'
PTRDIFF_T_SUFFIX=''
PYTHON='no'
PYTHON_CFLAGS=''
PYTHON_EXT_SUFFIX=''
PYTHON_INSTALLDIR=''
PYTHON_PREFIX=''
PYTHON_VERSION=''
RAKE='no'
RANLIB='ranlib'
REPLACE_ACCESS='0'
REPLACE_BTOWC='0'
REPLACE_CALLOC='0'
REPLACE_CANONICALIZE_FILE_NAME='0'
REPLACE_CHOWN='0'
REPLACE_CLOSE='0'
REPLACE_CREAT='0'
REPLACE_CTIME='GNULIB_PORTCHECK'
REPLACE_DPRINTF='0'
REPLACE_DUP2='0'
REPLACE_DUP='0'
REPLACE_DUPLOCALE='0'
REPLACE_FACCESSAT='0'
REPLACE_FCHMODAT='0'
REPLACE_FCHOWNAT='0'
REPLACE_FCLOSE='0'
REPLACE_FCNTL='1'
REPLACE_FDOPEN='0'
REPLACE_FFLUSH='0'
REPLACE_FOPEN='0'
REPLACE_FPRINTF='0'
REPLACE_FPURGE='0'
REPLACE_FREELOCALE='0'
REPLACE_FREOPEN='0'
REPLACE_FSEEK='0'
REPLACE_FSEEKO='0'
REPLACE_FSTAT='0'
REPLACE_FSTATAT='0'
REPLACE_FTELL='0'
REPLACE_FTELLO='0'
REPLACE_FTRUNCATE='0'
REPLACE_FUTIMENS='0'
REPLACE_GETCWD='0'
REPLACE_GETDELIM='0'
REPLACE_GETDOMAINNAME='0'
REPLACE_GETDTABLESIZE='0'
REPLACE_GETGROUPS='0'
REPLACE_GETLINE='0'
REPLACE_GETLOGIN_R='0'
REPLACE_GETPAGESIZE='0'
REPLACE_GETPASS='0'
REPLACE_GETTIMEOFDAY='0'
REPLACE_GMTIME='0'
REPLACE_ICONV='0'
REPLACE_ICONV_OPEN='0'
REPLACE_ICONV_UTF='0'
REPLACE_INET_NTOP='0'
REPLACE_INET_PTON='0'
REPLACE_INITSTATE='0'
REPLACE_IOCTL='1'
REPLACE_ISATTY='0'
REPLACE_ITOLD='0'
REPLACE_LCHOWN='0'
REPLACE_LINK='0'
REPLACE_LINKAT='0'
REPLACE_LOCALECONV='0'
REPLACE_LOCALTIME='0'
REPLACE_LOCALTIME_R='GNULIB_PORTCHECK'
REPLACE_LSEEK='0'
REPLACE_LSTAT='0'
REPLACE_MALLOC='0'
REPLACE_MBRLEN='0'
REPLACE_MBRTOWC='0'
REPLACE_MBSINIT='0'
REPLACE_MBSNRTOWCS='0'
REPLACE_MBSRTOWCS='0'
REPLACE_MBSTATE_T='0'
REPLACE_MBTOWC='0'
REPLACE_MEMCHR='0'
REPLACE_MEMMEM='0'
REPLACE_MKDIR='0'
REPLACE_MKFIFO='0'
REPLACE_MKNOD='0'
REPLACE_MKSTEMP='0'
REPLACE_MKTIME='GNULIB_PORTCHECK'
REPLACE_NANOSLEEP='1'
REPLACE_NEWLOCALE='0'
REPLACE_NL_LANGINFO='0'
REPLACE_NULL='0'
REPLACE_OBSTACK_PRINTF='0'
REPLACE_OPEN='0'
REPLACE_OPENAT='0'
REPLACE_PERROR='0'
REPLACE_POPEN='0'
REPLACE_PREAD='0'
REPLACE_PRINTF='0'
REPLACE_PSELECT='0'
REPLACE_PTHREAD_ATTR_DESTROY='0'
REPLACE_PTHREAD_ATTR_GETDETACHSTATE='0'
REPLACE_PTHREAD_ATTR_INIT='0'
REPLACE_PTHREAD_ATTR_SETDETACHSTATE='0'
REPLACE_PTHREAD_CONDATTR_DESTROY='0'
REPLACE_PTHREAD_CONDATTR_INIT='0'
REPLACE_PTHREAD_COND_BROADCAST='0'
REPLACE_PTHREAD_COND_DESTROY='0'
REPLACE_PTHREAD_COND_INIT='0'
REPLACE_PTHREAD_COND_SIGNAL='0'
REPLACE_PTHREAD_COND_TIMEDWAIT='0'
REPLACE_PTHREAD_COND_WAIT='0'
REPLACE_PTHREAD_CREATE='0'
REPLACE_PTHREAD_DETACH='0'
REPLACE_PTHREAD_EQUAL='0'
REPLACE_PTHREAD_EXIT='0'
REPLACE_PTHREAD_GETSPECIFIC='0'
REPLACE_PTHREAD_JOIN='0'
REPLACE_PTHREAD_KEY_CREATE='0'
REPLACE_PTHREAD_KEY_DELETE='0'
REPLACE_PTHREAD_MUTEXATTR_DESTROY='0'
REPLACE_PTHREAD_MUTEXATTR_GETROBUST='0'
REPLACE_PTHREAD_MUTEXATTR_GETTYPE='0'
REPLACE_PTHREAD_MUTEXATTR_INIT='0'
REPLACE_PTHREAD_MUTEXATTR_SETROBUST='0'
REPLACE_PTHREAD_MUTEXATTR_SETTYPE='0'
REPLACE_PTHREAD_MUTEX_DESTROY='0'
REPLACE_PTHREAD_MUTEX_INIT='0'
REPLACE_PTHREAD_MUTEX_LOCK='0'
REPLACE_PTHREAD_MUTEX_TIMEDLOCK='0'
REPLACE_PTHREAD_MUTEX_TRYLOCK='0'
REPLACE_PTHREAD_MUTEX_UNLOCK='0'
REPLACE_PTHREAD_ONCE='0'
REPLACE_PTHREAD_RWLOCKATTR_DESTROY='0'
REPLACE_PTHREAD_RWLOCKATTR_INIT='0'
REPLACE_PTHREAD_RWLOCK_DESTROY='0'
REPLACE_PTHREAD_RWLOCK_INIT='0'
REPLACE_PTHREAD_RWLOCK_RDLOCK='0'
REPLACE_PTHREAD_RWLOCK_TIMEDRDLOCK='0'
REPLACE_PTHREAD_RWLOCK_TIMEDWRLOCK='0'
REPLACE_PTHREAD_RWLOCK_TRYRDLOCK='0'
REPLACE_PTHREAD_RWLOCK_TRYWRLOCK='0'
REPLACE_PTHREAD_RWLOCK_UNLOCK='0'
REPLACE_PTHREAD_RWLOCK_WRLOCK='0'
REPLACE_PTHREAD_SELF='0'
REPLACE_PTHREAD_SETSPECIFIC='0'
REPLACE_PTHREAD_SIGMASK='0'
REPLACE_PTHREAD_SPIN_DESTROY='0'
REPLACE_PTHREAD_SPIN_INIT='0'
REPLACE_PTHREAD_SPIN_LOCK='0'
REPLACE_PTHREAD_SPIN_TRYLOCK='0'
REPLACE_PTHREAD_SPIN_UNLOCK='0'
REPLACE_PTSNAME='0'
REPLACE_PTSNAME_R='0'
REPLACE_PUTENV='0'
REPLACE_PWRITE='0'
REPLACE_QSORT_R='0'
REPLACE_RAISE='0'
REPLACE_RANDOM='0'
REPLACE_RANDOM_R='0'
REPLACE_READ='0'
REPLACE_READLINK='0'
REPLACE_READLINKAT='0'
REPLACE_REALLOC='0'
REPLACE_REALPATH='0'
REPLACE_REMOVE='0'
REPLACE_RENAME='0'
REPLACE_RENAMEAT='0'
REPLACE_RMDIR='0'
REPLACE_SCHED_YIELD='0'
REPLACE_SELECT='0'
REPLACE_SETENV='0'
REPLACE_SETLOCALE='0'
REPLACE_SETSTATE='0'
REPLACE_SLEEP='0'
REPLACE_SNPRINTF='0'
REPLACE_SPRINTF='0'
REPLACE_STAT='0'
REPLACE_STDIO_READ_FUNCS='0'
REPLACE_STDIO_WRITE_FUNCS='0'
REPLACE_STPNCPY='0'
REPLACE_STRCASESTR='0'
REPLACE_STRCHRNUL='0'
REPLACE_STRDUP='0'
REPLACE_STRERROR='0'
REPLACE_STRERROR_R='1'
REPLACE_STRFTIME='GNULIB_PORTCHECK'
REPLACE_STRNCAT='0'
REPLACE_STRNDUP='0'
REPLACE_STRNLEN='0'
REPLACE_STRSIGNAL='0'
REPLACE_STRSTR='0'
REPLACE_STRTOD='0'
REPLACE_STRTOIMAX='0'
REPLACE_STRTOK_R='0'
REPLACE_STRTOLD='0'
REPLACE_STRTOUMAX='0'
REPLACE_STRUCT_LCONV='0'
REPLACE_STRUCT_TIMEVAL='0'
REPLACE_SYMLINK='0'
REPLACE_SYMLINKAT='0'
REPLACE_TIMEGM='GNULIB_PORTCHECK'
REPLACE_TMPFILE='0'
REPLACE_TRUNCATE='0'
REPLACE_TTYNAME_R='0'
REPLACE_TZSET='GNULIB_PORTCHECK'
REPLACE_UNLINK='0'
REPLACE_UNLINKAT='0'
REPLACE_UNSETENV='0'
REPLACE_USLEEP='0'
REPLACE_UTIMENSAT='0'
REPLACE_VASPRINTF='0'
REPLACE_VDPRINTF='0'
REPLACE_VFPRINTF='0'
REPLACE_VPRINTF='0'
REPLACE_VSNPRINTF='0'
REPLACE_VSPRINTF='0'
REPLACE_WCRTOMB='0'
REPLACE_WCSFTIME='0'
REPLACE_WCSNRTOMBS='0'
REPLACE_WCSRTOMBS='0'
REPLACE_WCSTOK='0'
REPLACE_WCSWIDTH='0'
REPLACE_WCTOB='0'
REPLACE_WCTOMB='0'
REPLACE_WCWIDTH='0'
REPLACE_WRITE='0'
RUBY='no'
SED='/usr/bin/sed'
SET_MAKE=''
SHELL='/bin/bash'
SIG_ATOMIC_T_SUFFIX=''
SIZE_T_SUFFIX=''
STDALIGN_H=''
STDBOOL_H=''
STDDEF_H=''
STDINT_H=''
STRIP='strip'
SYS_IOCTL_H_HAVE_WINSOCK2_H='0'
SYS_IOCTL_H_HAVE_WINSOCK2_H_AND_USE_SOCKETS='0'
SYS_TIME_H_DEFINES_STRUCT_TIMESPEC='0'
TIME_H_DEFINES_STRUCT_TIMESPEC='1'
UINT32_MAX_LT_UINTMAX_MAX='1'
UINT64_MAX_EQ_ULONG_MAX='1'
UNDEFINE_STRTOK_R='0'
UNISTD_H_DEFINES_STRUCT_TIMESPEC='0'
UNISTD_H_HAVE_SYS_RANDOM_H='0'
UNISTD_H_HAVE_WINSOCK2_H='0'
UNISTD_H_HAVE_WINSOCK2_H_AND_USE_SOCKETS='0'
USE_NLS='yes'
VERSION='1.3.19'
VERSION_SCRIPT_FLAGS='-Wl,--version-script='
WARN_CFLAGS=''
WCHAR_T_SUFFIX=''
WERROR_CFLAGS=''
WINDOWS_64_BIT_OFF_T='0'
WINDOWS_64_BIT_ST_SIZE='0'
WINDOWS_STAT_INODES='0'
WINDOWS_STAT_TIMESPEC='0'
WINT_T_SUFFIX=''
XGETTEXT='/usr/bin/xgettext'
XGETTEXT_015='/usr/bin/xgettext'
XGETTEXT_EXTRA_OPTIONS=' --flag=asprintf:2:c-format --flag=vasprintf:2:c-format --flag=error:3:c-format --flag=error_at_line:5:c-format'
YIELD_LIB=''
abs_aux_dir='/home/hts/GIT/hivex-rs/hivex-sys/hivex/build-aux'
ac_ct_AR='ar'
ac_ct_CC='gcc'
ac_ct_DUMPBIN=''
am__EXEEXT_FALSE=''
am__EXEEXT_TRUE='#'
am__fastdepCC_FALSE='#'
am__fastdepCC_TRUE=''
am__include='include'
am__isrc=''
am__leading_dot='.'
am__nodep='_no'
am__quote=''
am__tar='$${TAR-tar} chof - "$$tardir"'
am__untar='$${TAR-tar} xf -'
bindir='${exec_prefix}/bin'
build='x86_64-pc-linux-gnu'
build_alias=''
build_cpu='x86_64'
build_os='linux-gnu'
build_vendor='pc'
datadir='${datarootdir}'
datarootdir='${prefix}/share'
docdir='${datarootdir}/doc/${PACKAGE_TARNAME}'
dvidir='${docdir}'
exec_prefix='${prefix}'
gl_LIBOBJS=' asnprintf.o fcntl.o printf-args.o printf-parse.o vasnprintf.o'
gl_LTLIBOBJS=' asnprintf.lo fcntl.lo printf-args.lo printf-parse.lo vasnprintf.lo'
gltests_LIBOBJS=' ioctl.o nanosleep.o pthread_sigmask.o strerror_r.o'
gltests_LTLIBOBJS=' ioctl.lo nanosleep.lo pthread_sigmask.lo strerror_r.lo'
gltests_WITNESS='IN_HIVEX_GNULIB_TESTS'
host='x86_64-pc-linux-gnu'
host_alias=''
host_cpu='x86_64'
host_os='linux-gnu'
host_vendor='pc'
htmldir='${docdir}'
includedir='${prefix}/include'
infodir='${datarootdir}/info'
install_sh='${SHELL} /home/hts/GIT/hivex-rs/hivex-sys/hivex/build-aux/install-sh'
libdir='${exec_prefix}/lib'
libexecdir='${exec_prefix}/libexec'
localedir='${datarootdir}/locale'
localstatedir='${prefix}/var'
mandir='${datarootdir}/man'
mkdir_p='/usr/bin/mkdir -p'
oldincludedir='/usr/include'
pdfdir='${docdir}'
prefix='/home/hts/GIT/hivex-rs/target/rls/debug/build/hivex-sys-8dbf11abaf5853fa/out'
program_transform_name='s,x,x,'
psdir='${docdir}'
runstatedir='${localstatedir}/run'
sbindir='${exec_prefix}/sbin'
sharedstatedir='${prefix}/com'
sysconfdir='${prefix}/etc'
target_alias=''

## ----------- ##
## confdefs.h. ##
## ----------- ##

#define PROTOTYPES 1
#define __PROTOTYPES 1
#define SIZEOF_LONG 8
#define HAVE_BYTESWAP_H 1
#define HAVE_ENDIAN_H 1
#define HAVE_LIBINTL_H 1
#define HAVE_MMAP 1
#define HAVE_BINDTEXTDOMAIN 1
#define ENABLE_NLS 1
#define HAVE_GETTEXT 1
#define HAVE_DCGETTEXT 1

configure: exit 1
